<?xml version="1.0" encoding="UTF-8"?>
<testsuite xmlns:xsi="http://www.w3.org/2001/XMLSchema-instance" xsi:noNamespaceSchemaLocation="https://maven.apache.org/surefire/maven-surefire-plugin/xsd/surefire-test-report-3.0.xsd" version="3.0" name="eu.jpereira.trainings.designpatterns.creational.singleton.ReportBuilderTest" time="0.869" tests="3" errors="0" skipped="0" failures="0">
  <properties>
[...]
</properties>
  <testcase name="testMultiThreading" classname="eu.jpereira.trainings.designpatterns.creational.singleton.ReportBuilderTest" time="0.61">
    <system-out><![CDATA[Getting instance for Thread 31
Instance is null for Thread 31
Returing 1154833924 instance to Thread 31
Getting instance for Thread 40
Thread 31 died!
Getting instance for Thread 39
Getting instance for Thread 38
Getting instance for Thread 37
Getting instance for Thread 36
Getting instance for Thread 35
Getting instance for Thread 34
Getting instance for Thread 33
Getting instance for Thread 32
Thread 32 died!
Thread 33 died!
Thread 34 died!
Thread 35 died!
Thread 36 died!
Thread 37 died!
Thread 38 died!
Thread 39 died!
Thread 40 died!
]]></system-out>
  </testcase>
  <testcase name="testGetSingleton" classname="eu.jpereira.trainings.designpatterns.creational.singleton.ReportBuilderTest" time="0.12">
    <system-out><![CDATA[Getting instance for Thread 1
Instance is null for Thread 1
Returing 258754732 instance to Thread 1
]]></system-out>
  </testcase>
  <testcase name="measureInitializeTime" classname="eu.jpereira.trainings.designpatterns.creational.singleton.ReportBuilderTest" time="0.118">
    <system-out><![CDATA[Getting instance for Thread 1
Instance is null for Thread 1
Returing 333362446 instance to Thread 1
First call took: 118 ms
Getting instance for Thread 1
Second call took: 0 ms
]]></system-out>
  </testcase>
</testsuite>